<?xml version="1.0" encoding="UTF-8"?>
<!-- Generated by org.testng.reporters.JUnitXMLReporter -->
<testsuite ignored="7" hostname="LAPTOP-4EGBTEKJ" failures="0" tests="3" name="sanity Test" time="13.4" errors="0" timestamp="2023-12-12T13:09:15 GMT">
  <testcase classname="com.nopcommerce.demo.testsuite.ComputerPageTest" name="verifyUserShouldNavigateToComputerPageSuccessfully" time="0.458"/>
  <testcase classname="com.nopcommerce.demo.testsuite.LoginPageTest" name="userShouldNavigateToLoginPageSuccessFully" time="0.811"/>
  <testcase classname="com.nopcommerce.demo.testsuite.RegisterPageTest" name="verifyUserShouldNavigateToRegisterPageSuccessfully" time="2.37"/>
  <testcase classname="com.nopcommerce.demo.testsuite.ComputerPageTest" name="verifyUserShouldNavigateToDesktopsPageSuccessfully" time="0.0">
    <ignored/>
  </testcase> <!-- verifyUserShouldNavigateToDesktopsPageSuccessfully -->
  <testcase classname="com.nopcommerce.demo.testsuite.LoginPageTest" name="verifyTheErrorMessageWithInValidCredentials" time="0.0">
    <ignored/>
  </testcase> <!-- verifyTheErrorMessageWithInValidCredentials -->
  <testcase classname="com.nopcommerce.demo.testsuite.RegisterPageTest" name="VerifyThatUserShouldCreateAccountSuccessfully" time="0.0">
    <ignored/>
  </testcase> <!-- VerifyThatUserShouldCreateAccountSuccessfully -->
  <testcase classname="com.nopcommerce.demo.testsuite.LoginPageTest" name="VerifyThatUserShouldLogOutSuccessFully" time="0.0">
    <ignored/>
  </testcase> <!-- VerifyThatUserShouldLogOutSuccessFully -->
  <testcase classname="com.nopcommerce.demo.testsuite.RegisterPageTest" name="verifyThatFirstNameLastNameEmailPasswordAndConfirmPasswordFieldsAreMandetory" time="0.0">
    <ignored/>
  </testcase> <!-- verifyThatFirstNameLastNameEmailPasswordAndConfirmPasswordFieldsAreMandetory -->
  <testcase classname="com.nopcommerce.demo.testsuite.ComputerPageTest" name="VerifyThatUserShouldBuildYouOwnComputerAndAddThemToCartSuccessfully" time="0.0">
    <ignored/>
  </testcase> <!-- VerifyThatUserShouldBuildYouOwnComputerAndAddThemToCartSuccessfully -->
  <testcase classname="com.nopcommerce.demo.testsuite.LoginPageTest" name="verifyThatUserShouldLogInSuccessFullyWithValidCredentials" time="0.0">
    <ignored/>
  </testcase> <!-- verifyThatUserShouldLogInSuccessFullyWithValidCredentials -->
</testsuite> <!-- sanity Test -->
